生成启动时间为 2017/8/10 星期四 下午 1:22:05。
     1>项目“C:\Users\22262_000\documents\visual studio 2010\Projects\五子棋\五子棋\五子棋.vcxproj”在节点 2 上(build 个目标)。
     1>InitializeBuildStatus:
         正在创建“Debug\五子棋.unsuccessfulbuild”，因为已指定“AlwaysCreate”。
       ClCompile:
         所有输出均为最新。
         C:\Program Files (x86)\Microsoft Visual Studio 10.0\VC\bin\CL.exe /c /ZI /nologo /W3 /WX- /Od /Oy- /D WIN32 /D _WINDOWS /D _DEBUG /D _MBCS /D _AFXDLL /Gm /EHsc /RTC1 /MDd /GS /fp:precise /Zc:wchar_t /Zc:forScope /Yu"StdAfx.h" /Fp"Debug\五子棋.pch" /Fo"Debug\\" /Fd"Debug\vc100.pdb" /Gd /TP /analyze- /errorReport:prompt "五子棋View.cpp"
         五子棋View.cpp
     1>c:\users\22262_000\documents\visual studio 2010\projects\五子棋\五子棋\五子棋view.cpp(327): warning C4018: “<”: 有符号/无符号不匹配
       ResourceCompile:
         所有输出均为最新。
       ManifestResourceCompile:
         所有输出均为最新。
       Link:
         C:\Program Files (x86)\Microsoft Visual Studio 10.0\VC\bin\link.exe /ERRORREPORT:PROMPT /OUT:"C:\Users\22262_000\documents\visual studio 2010\Projects\五子棋\Debug\五子棋.exe" /INCREMENTAL /NOLOGO /MANIFEST /ManifestFile:"Debug\五子棋.exe.intermediate.manifest" /MANIFESTUAC:"level='asInvoker' uiAccess='false'" /DEBUG /PDB:"C:\Users\22262_000\documents\visual studio 2010\Projects\五子棋\Debug\五子棋.pdb" /SUBSYSTEM:WINDOWS /TLBID:1 /DYNAMICBASE /NXCOMPAT /IMPLIB:"C:\Users\22262_000\documents\visual studio 2010\Projects\五子棋\Debug\五子棋.lib" /MACHINE:X86 "Debug\五子棋.res"
         "Debug\五子棋.exe.embed.manifest.res"
         Debug\ClassView.obj
         Debug\FileView.obj
         Debug\MainFrm.obj
         Debug\OutputWnd.obj
         Debug\PropertiesWnd.obj
         Debug\stdafx.obj
         Debug\ViewTree.obj
         "Debug\五子棋.obj"
         "Debug\五子棋Doc.obj"
         "Debug\五子棋View.obj"
       Manifest:
         C:\Program Files (x86)\Microsoft SDKs\Windows\v7.0A\bin\mt.exe /nologo /verbose /out:"Debug\五子棋.exe.embed.manifest" /manifest "Debug\五子棋.exe.intermediate.manifest" "C:\Program Files (x86)\Microsoft Visual Studio 10.0\VC\Include\Manifest\dpiaware.manifest"
         所有输出均为最新。
       LinkEmbedManifest:
         所有输出均为最新。
         五子棋.vcxproj -> C:\Users\22262_000\documents\visual studio 2010\Projects\五子棋\Debug\五子棋.exe
       FinalizeBuildStatus:
         正在删除文件“Debug\五子棋.unsuccessfulbuild”。
         正在对“Debug\五子棋.lastbuildstate”执行 Touch 任务。
     1>已完成生成项目“C:\Users\22262_000\documents\visual studio 2010\Projects\五子棋\五子棋\五子棋.vcxproj”(build 个目标)的操作。

生成成功。

已用时间 00:00:02.63
